2024-08-08 10:34:39,950 - apscheduler.scheduler - INFO - Scheduler started
2024-08-08 10:34:39,985 - apscheduler.scheduler - INFO - Added job "format_and_send_fixtures" to job store "default"
2024-08-08 10:35:00,002 - apscheduler.executors.default - INFO - Running job "format_and_send_fixtures (trigger: cron[hour='10', minute='35'], next run at: 2024-08-09 10:35:00 EAT)" (scheduled at 2024-08-08 10:35:00+03:00)
2024-08-08 10:35:03,015 - __main__ - INFO - No fixtures found. No message sent.
2024-08-08 10:35:03,015 - apscheduler.executors.default - INFO - Job "format_and_send_fixtures (trigger: cron[hour='10', minute='35'], next run at: 2024-08-09 10:35:00 EAT)" executed successfully
2024-08-08 10:57:31,699 - apscheduler.scheduler - INFO - Scheduler started
2024-08-08 10:57:31,722 - apscheduler.scheduler - INFO - Added job "format_and_send_fixtures" to job store "default"
2024-08-08 10:59:00,001 - apscheduler.executors.default - INFO - Running job "format_and_send_fixtures (trigger: cron[hour='10', minute='59'], next run at: 2024-08-09 10:59:00 EAT)" (scheduled at 2024-08-08 10:59:00+03:00)
2024-08-08 10:59:02,875 - __main__ - INFO - No fixtures found. No message sent.
2024-08-08 10:59:02,876 - apscheduler.executors.default - INFO - Job "format_and_send_fixtures (trigger: cron[hour='10', minute='59'], next run at: 2024-08-09 10:59:00 EAT)" executed successfully
2024-08-08 11:02:40,938 - apscheduler.scheduler - INFO - Scheduler started
2024-08-08 11:02:40,943 - apscheduler.scheduler - INFO - Added job "format_and_send_fixtures" to job store "default"
2024-08-08 11:04:00,001 - apscheduler.executors.default - INFO - Running job "format_and_send_fixtures (trigger: cron[hour='11', minute='4'], next run at: 2024-08-09 11:04:00 EAT)" (scheduled at 2024-08-08 11:04:00+03:00)
2024-08-08 11:04:29,743 - httpx - INFO - HTTP Request: POST https://api.telegram.org/bot7253826437:AAHQIeeGT0aMJwez05zZbIOEWycYSkHVSbA/sendMessage "HTTP/1.1 200 OK"
2024-08-08 11:04:29,745 - __main__ - INFO - Message(s) sent successfully
2024-08-08 11:04:29,746 - apscheduler.executors.default - INFO - Job "format_and_send_fixtures (trigger: cron[hour='11', minute='4'], next run at: 2024-08-09 11:04:00 EAT)" executed successfully
2024-08-08 11:06:11,101 - apscheduler.scheduler - INFO - Scheduler started
2024-08-08 11:06:11,104 - apscheduler.scheduler - INFO - Added job "format_and_send_fixtures" to job store "default"
2024-08-08 11:07:00,001 - apscheduler.executors.default - INFO - Running job "format_and_send_fixtures (trigger: cron[hour='11', minute='7'], next run at: 2024-08-09 11:07:00 EAT)" (scheduled at 2024-08-08 11:07:00+03:00)
2024-08-08 11:07:13,313 - httpx - INFO - HTTP Request: POST https://api.telegram.org/bot7253826437:AAHQIeeGT0aMJwez05zZbIOEWycYSkHVSbA/sendMessage "HTTP/1.1 200 OK"
2024-08-08 11:07:13,315 - __main__ - INFO - Message(s) sent successfully
2024-08-08 11:07:13,315 - apscheduler.executors.default - INFO - Job "format_and_send_fixtures (trigger: cron[hour='11', minute='7'], next run at: 2024-08-09 11:07:00 EAT)" executed successfully
2024-08-08 11:25:38,669 - apscheduler.scheduler - INFO - Scheduler started
2024-08-08 11:25:38,672 - apscheduler.scheduler - INFO - Added job "format_and_send_fixtures" to job store "default"
2024-08-08 11:26:00,001 - apscheduler.executors.default - INFO - Running job "format_and_send_fixtures (trigger: cron[hour='11', minute='26'], next run at: 2024-08-09 11:26:00 EAT)" (scheduled at 2024-08-08 11:26:00+03:00)
2024-08-08 11:26:26,873 - httpx - INFO - HTTP Request: POST https://api.telegram.org/bot7253826437:AAHQIeeGT0aMJwez05zZbIOEWycYSkHVSbA/sendMessage "HTTP/1.1 200 OK"
2024-08-08 11:26:26,877 - __main__ - INFO - Message(s) sent successfully
2024-08-08 11:26:26,877 - apscheduler.executors.default - INFO - Job "format_and_send_fixtures (trigger: cron[hour='11', minute='26'], next run at: 2024-08-09 11:26:00 EAT)" executed successfully
2024-08-08 11:30:15,330 - apscheduler.scheduler - INFO - Scheduler started
2024-08-08 11:30:15,334 - apscheduler.scheduler - INFO - Added job "format_and_send_fixtures" to job store "default"
2024-08-08 11:31:00,001 - apscheduler.executors.default - INFO - Running job "format_and_send_fixtures (trigger: cron[hour='11', minute='31'], next run at: 2024-08-09 11:31:00 EAT)" (scheduled at 2024-08-08 11:31:00+03:00)
2024-08-08 11:31:51,871 - httpx - INFO - HTTP Request: POST https://api.telegram.org/bot7253826437:AAHQIeeGT0aMJwez05zZbIOEWycYSkHVSbA/sendMessage "HTTP/1.1 200 OK"
2024-08-08 11:31:51,872 - __main__ - INFO - Message(s) sent successfully
2024-08-08 11:31:51,873 - apscheduler.executors.default - INFO - Job "format_and_send_fixtures (trigger: cron[hour='11', minute='31'], next run at: 2024-08-09 11:31:00 EAT)" executed successfully
2024-08-09 00:25:56,305 - apscheduler.scheduler - INFO - Scheduler started
2024-08-09 00:25:56,362 - apscheduler.scheduler - INFO - Added job "format_and_send_fixtures" to job store "default"
2024-08-09 00:27:00,003 - apscheduler.executors.default - INFO - Running job "format_and_send_fixtures (trigger: cron[hour='0', minute='27'], next run at: 2024-08-10 00:27:00 EAT)" (scheduled at 2024-08-09 00:27:00+03:00)
2024-08-09 00:27:00,018 - apscheduler.executors.default - ERROR - Job "format_and_send_fixtures (trigger: cron[hour='0', minute='27'], next run at: 2024-08-10 00:27:00 EAT)" raised an exception
Traceback (most recent call last):
  File "/home/gachewa/.local/share/virtualenvs/footbot-Kj2iaKMN/lib/python3.12/site-packages/apscheduler/executors/base_py3.py", line 30, in run_coroutine_job
    retval = await job.func(*job.args, **job.kwargs)
             ^^^^^^^^^^^^^^^^^^^^^^^^^^^^^^^^^^^^^^^
  File "/home/gachewa/Documents/Code/footbot/bot.py", line 97, in format_and_send_fixtures
    end_date = start_date + timedelta(days=2)
                            ^^^^^^^^^
NameError: name 'timedelta' is not defined
2024-08-09 00:32:47,625 - apscheduler.scheduler - INFO - Scheduler started
2024-08-09 00:32:47,630 - apscheduler.scheduler - INFO - Added job "format_and_send_fixtures" to job store "default"
2024-08-09 00:34:00,003 - apscheduler.executors.default - INFO - Running job "format_and_send_fixtures (trigger: cron[hour='0', minute='34'], next run at: 2024-08-10 00:34:00 EAT)" (scheduled at 2024-08-09 00:34:00+03:00)
2024-08-09 00:34:00,006 - apscheduler.executors.default - ERROR - Job "format_and_send_fixtures (trigger: cron[hour='0', minute='34'], next run at: 2024-08-10 00:34:00 EAT)" raised an exception
Traceback (most recent call last):
  File "/home/gachewa/.local/share/virtualenvs/footbot-Kj2iaKMN/lib/python3.12/site-packages/apscheduler/executors/base_py3.py", line 30, in run_coroutine_job
    retval = await job.func(*job.args, **job.kwargs)
             ^^^^^^^^^^^^^^^^^^^^^^^^^^^^^^^^^^^^^^^
  File "/home/gachewa/Documents/Code/footbot/bot.py", line 97, in format_and_send_fixtures
    end_date = start_date + datetime.timedelta(days=2)
                            ^^^^^^^^^^^^^^^^^^
AttributeError: type object 'datetime.datetime' has no attribute 'timedelta'
2024-08-09 00:37:33,181 - apscheduler.scheduler - INFO - Scheduler started
2024-08-09 00:37:33,184 - apscheduler.scheduler - INFO - Added job "format_and_send_fixtures" to job store "default"
2024-08-09 00:38:00,003 - apscheduler.executors.default - INFO - Running job "format_and_send_fixtures (trigger: cron[hour='0', minute='38'], next run at: 2024-08-10 00:38:00 EAT)" (scheduled at 2024-08-09 00:38:00+03:00)
2024-08-09 00:38:00,006 - apscheduler.executors.default - ERROR - Job "format_and_send_fixtures (trigger: cron[hour='0', minute='38'], next run at: 2024-08-10 00:38:00 EAT)" raised an exception
Traceback (most recent call last):
  File "/home/gachewa/.local/share/virtualenvs/footbot-Kj2iaKMN/lib/python3.12/site-packages/apscheduler/executors/base_py3.py", line 30, in run_coroutine_job
    retval = await job.func(*job.args, **job.kwargs)
             ^^^^^^^^^^^^^^^^^^^^^^^^^^^^^^^^^^^^^^^
  File "/home/gachewa/Documents/Code/footbot/bot.py", line 98, in format_and_send_fixtures
    fixtures_by_date = fetch_fixtures(start_date.date(), end_date.date())
                       ^^^^^^^^^^^^^^^^^^^^^^^^^^^^^^^^^^^^^^^^^^^^^^^^^^
  File "/home/gachewa/Documents/Code/footbot/bot.py", line 49, in fetch_fixtures
    for date in pd.date_range(start_date, end_date):
                ^^
NameError: name 'pd' is not defined
2024-08-09 00:41:56,883 - apscheduler.scheduler - INFO - Scheduler started
2024-08-09 00:41:56,886 - apscheduler.scheduler - INFO - Added job "format_and_send_fixtures" to job store "default"
2024-08-09 00:43:00,002 - apscheduler.executors.default - INFO - Running job "format_and_send_fixtures (trigger: cron[hour='0', minute='43'], next run at: 2024-08-10 00:43:00 EAT)" (scheduled at 2024-08-09 00:43:00+03:00)
2024-08-09 00:43:41,116 - httpx - INFO - HTTP Request: POST https://api.telegram.org/bot7253826437:AAHQIeeGT0aMJwez05zZbIOEWycYSkHVSbA/sendMessage "HTTP/1.1 400 Bad Request"
2024-08-09 00:43:41,118 - __main__ - ERROR - Error sending message: Can't parse entities: can't find end of the entity starting at byte offset 3274
2024-08-09 00:43:41,119 - apscheduler.executors.default - INFO - Job "format_and_send_fixtures (trigger: cron[hour='0', minute='43'], next run at: 2024-08-10 00:43:00 EAT)" executed successfully
2024-08-09 00:47:11,778 - apscheduler.scheduler - INFO - Scheduler started
2024-08-09 00:47:11,781 - apscheduler.scheduler - INFO - Added job "format_and_send_fixtures" to job store "default"
2024-08-09 00:48:00,002 - apscheduler.executors.default - INFO - Running job "format_and_send_fixtures (trigger: cron[hour='0', minute='48'], next run at: 2024-08-10 00:48:00 EAT)" (scheduled at 2024-08-09 00:48:00+03:00)
2024-08-09 00:48:43,290 - httpx - INFO - HTTP Request: POST https://api.telegram.org/bot7253826437:AAHQIeeGT0aMJwez05zZbIOEWycYSkHVSbA/sendMessage "HTTP/1.1 200 OK"
2024-08-09 00:48:43,293 - __main__ - INFO - Message(s) sent successfully
2024-08-09 00:48:43,293 - apscheduler.executors.default - INFO - Job "format_and_send_fixtures (trigger: cron[hour='0', minute='48'], next run at: 2024-08-10 00:48:00 EAT)" executed successfully
2024-08-09 00:49:13,833 - apscheduler.scheduler - INFO - Scheduler started
2024-08-09 00:49:13,836 - apscheduler.scheduler - INFO - Added job "format_and_send_fixtures" to job store "default"
2024-08-09 00:50:00,002 - apscheduler.executors.default - INFO - Running job "format_and_send_fixtures (trigger: cron[hour='0', minute='50'], next run at: 2024-08-10 00:50:00 EAT)" (scheduled at 2024-08-09 00:50:00+03:00)
2024-08-09 00:50:40,135 - httpx - INFO - HTTP Request: POST https://api.telegram.org/bot7253826437:AAHQIeeGT0aMJwez05zZbIOEWycYSkHVSbA/sendMessage "HTTP/1.1 200 OK"
2024-08-09 00:50:40,139 - __main__ - INFO - Message(s) sent successfully
2024-08-09 00:50:40,139 - apscheduler.executors.default - INFO - Job "format_and_send_fixtures (trigger: cron[hour='0', minute='50'], next run at: 2024-08-10 00:50:00 EAT)" executed successfully
